2024-02-13 10:36:53.031 [error] [uncaught exception in sharedProcess]: Event not found: onDidChange: CodeExpectedError: Event not found: onDidChange
    at Object.listen (/snap/code/151/usr/share/code/resources/app/out/vs/code/node/sharedProcess/sharedProcessMain.js:45:4959)
    at E.t (/snap/code/151/usr/share/code/resources/app/out/vs/code/node/sharedProcess/sharedProcessMain.js:44:251)
    at E.q (/snap/code/151/usr/share/code/resources/app/out/vs/code/node/sharedProcess/sharedProcessMain.js:43:4371)
    at w.value (/snap/code/151/usr/share/code/resources/app/out/vs/code/node/sharedProcess/sharedProcessMain.js:43:3602)
    at d.y (/snap/code/151/usr/share/code/resources/app/out/vs/code/node/sharedProcess/sharedProcessMain.js:38:1902)
    at d.z (/snap/code/151/usr/share/code/resources/app/out/vs/code/node/sharedProcess/sharedProcessMain.js:38:1972)
    at d.fire (/snap/code/151/usr/share/code/resources/app/out/vs/code/node/sharedProcess/sharedProcessMain.js:38:2188)
    at MessagePortMain.de (/snap/code/151/usr/share/code/resources/app/out/vs/code/node/sharedProcess/sharedProcessMain.js:36:30422)
    at MessagePortMain.emit (node:events:514:28)
    at Object.emit (node:electron/js2c/utility_init:2:2285)
2024-02-13 10:36:59.792 [info] Getting Manifest... ms-vscode.cpptools-extension-pack
2024-02-13 10:36:59.796 [info] Installing extension: ms-vscode.cpptools-extension-pack
2024-02-13 10:37:00.893 [info] Getting Manifest... ms-vscode.cpptools
2024-02-13 10:37:00.915 [info] Getting Manifest... ms-vscode.cmake-tools
2024-02-13 10:37:01.175 [info] Getting Manifest... twxs.cmake
2024-02-13 10:37:01.274 [info] Getting Manifest... ms-vscode.cpptools-themes
2024-02-13 10:37:01.313 [info] Installing extension: ms-vscode.cpptools ms-vscode.cpptools-extension-pack
2024-02-13 10:37:01.313 [info] Installing extension: ms-vscode.cmake-tools ms-vscode.cpptools-extension-pack
2024-02-13 10:37:01.313 [info] Installing extension: twxs.cmake ms-vscode.cpptools-extension-pack
2024-02-13 10:37:01.313 [info] Installing extension: ms-vscode.cpptools-themes ms-vscode.cpptools-extension-pack
2024-02-13 10:37:03.198 [info] Extension signature is verified: ms-vscode.cpptools-themes
2024-02-13 10:37:03.212 [info] Extracted extension to file:///home/aakapatel/.vscode/extensions/ms-vscode.cpptools-themes-2.0.0: ms-vscode.cpptools-themes
2024-02-13 10:37:03.222 [info] Renamed to /home/aakapatel/.vscode/extensions/ms-vscode.cpptools-themes-2.0.0
2024-02-13 10:37:03.222 [info] Extracting extension completed. ms-vscode.cpptools-themes
2024-02-13 10:37:03.302 [error] [uncaught exception in sharedProcess]: Error: ENOENT: no such file or directory, stat '/home/aakapatel/.vscode/extensions/extensions.json.vsctmp': EntryNotFound (FileSystemError): Error: ENOENT: no such file or directory, stat '/home/aakapatel/.vscode/extensions/extensions.json.vsctmp'
    at r.create (/snap/code/151/usr/share/code/resources/app/out/vs/code/node/sharedProcess/sharedProcessMain.js:51:30119)
    at a (/snap/code/151/usr/share/code/resources/app/out/vs/code/node/sharedProcess/sharedProcessMain.js:51:30234)
    at i.fb (/snap/code/151/usr/share/code/resources/app/out/vs/code/node/sharedProcess/sharedProcessMain.js:56:36631)
    at i.stat (/snap/code/151/usr/share/code/resources/app/out/vs/code/node/sharedProcess/sharedProcessMain.js:56:29077)
    at async v.stat (/snap/code/151/usr/share/code/resources/app/out/vs/code/node/sharedProcess/sharedProcessMain.js:56:16223)
    at async Y.tb (/snap/code/151/usr/share/code/resources/app/out/vs/code/node/sharedProcess/sharedProcessMain.js:102:108626)
2024-02-13 10:37:04.466 [info] Extension signature is verified: ms-vscode.cmake-tools
2024-02-13 10:37:04.579 [info] Extracted extension to file:///home/aakapatel/.vscode/extensions/ms-vscode.cmake-tools-1.16.32: ms-vscode.cmake-tools
2024-02-13 10:37:04.591 [info] Renamed to /home/aakapatel/.vscode/extensions/ms-vscode.cmake-tools-1.16.32
2024-02-13 10:37:04.595 [warning] [cmake-tools]: Couldn't find message for key cmake-tools.configuration.cmake.options.advanced.statusBarVisibility.variant.description.
2024-02-13 10:37:04.595 [info] Extracting extension completed. ms-vscode.cmake-tools
2024-02-13 10:37:04.644 [error] [uncaught exception in sharedProcess]: Error: ENOENT: no such file or directory, stat '/home/aakapatel/.vscode/extensions/extensions.json.vsctmp': EntryNotFound (FileSystemError): Error: ENOENT: no such file or directory, stat '/home/aakapatel/.vscode/extensions/extensions.json.vsctmp'
    at r.create (/snap/code/151/usr/share/code/resources/app/out/vs/code/node/sharedProcess/sharedProcessMain.js:51:30119)
    at a (/snap/code/151/usr/share/code/resources/app/out/vs/code/node/sharedProcess/sharedProcessMain.js:51:30234)
    at i.fb (/snap/code/151/usr/share/code/resources/app/out/vs/code/node/sharedProcess/sharedProcessMain.js:56:36631)
    at i.stat (/snap/code/151/usr/share/code/resources/app/out/vs/code/node/sharedProcess/sharedProcessMain.js:56:29077)
    at async v.stat (/snap/code/151/usr/share/code/resources/app/out/vs/code/node/sharedProcess/sharedProcessMain.js:56:16223)
    at async Y.tb (/snap/code/151/usr/share/code/resources/app/out/vs/code/node/sharedProcess/sharedProcessMain.js:102:108626)
2024-02-13 10:37:07.561 [info] Extension signature is verified: twxs.cmake
2024-02-13 10:37:07.673 [info] Extracted extension to file:///home/aakapatel/.vscode/extensions/twxs.cmake-0.0.17: twxs.cmake
2024-02-13 10:37:07.676 [info] Renamed to /home/aakapatel/.vscode/extensions/twxs.cmake-0.0.17
2024-02-13 10:37:07.677 [info] Extracting extension completed. twxs.cmake
2024-02-13 10:37:07.739 [error] [uncaught exception in sharedProcess]: Error: ENOENT: no such file or directory, stat '/home/aakapatel/.vscode/extensions/extensions.json.vsctmp': EntryNotFound (FileSystemError): Error: ENOENT: no such file or directory, stat '/home/aakapatel/.vscode/extensions/extensions.json.vsctmp'
    at r.create (/snap/code/151/usr/share/code/resources/app/out/vs/code/node/sharedProcess/sharedProcessMain.js:51:30119)
    at a (/snap/code/151/usr/share/code/resources/app/out/vs/code/node/sharedProcess/sharedProcessMain.js:51:30234)
    at i.fb (/snap/code/151/usr/share/code/resources/app/out/vs/code/node/sharedProcess/sharedProcessMain.js:56:36631)
    at i.stat (/snap/code/151/usr/share/code/resources/app/out/vs/code/node/sharedProcess/sharedProcessMain.js:56:29077)
    at async v.stat (/snap/code/151/usr/share/code/resources/app/out/vs/code/node/sharedProcess/sharedProcessMain.js:56:16223)
    at async Y.tb (/snap/code/151/usr/share/code/resources/app/out/vs/code/node/sharedProcess/sharedProcessMain.js:102:108626)
2024-02-13 10:37:09.964 [info] Getting Manifest... esbenp.prettier-vscode
2024-02-13 10:37:09.968 [info] Installing extension: esbenp.prettier-vscode
2024-02-13 10:37:09.986 [warning] [cmake-tools]: Couldn't find message for key cmake-tools.configuration.cmake.options.advanced.statusBarVisibility.variant.description.
2024-02-13 10:37:10.009 [warning] [cmake-tools]: Couldn't find message for key cmake-tools.configuration.cmake.options.advanced.statusBarVisibility.variant.description.
2024-02-13 10:37:10.033 [warning] [cmake-tools]: Couldn't find message for key cmake-tools.configuration.cmake.options.advanced.statusBarVisibility.variant.description.
2024-02-13 10:37:12.687 [info] Extension signature is verified: esbenp.prettier-vscode
2024-02-13 10:37:12.769 [info] Extracted extension to file:///home/aakapatel/.vscode/extensions/esbenp.prettier-vscode-10.1.0: esbenp.prettier-vscode
2024-02-13 10:37:12.780 [info] Renamed to /home/aakapatel/.vscode/extensions/esbenp.prettier-vscode-10.1.0
2024-02-13 10:37:12.781 [info] Extracting extension completed. esbenp.prettier-vscode
2024-02-13 10:37:12.790 [info] Extension installed successfully: esbenp.prettier-vscode
2024-02-13 10:37:12.862 [error] [uncaught exception in sharedProcess]: Error: ENOENT: no such file or directory, stat '/home/aakapatel/.vscode/extensions/extensions.json.vsctmp': EntryNotFound (FileSystemError): Error: ENOENT: no such file or directory, stat '/home/aakapatel/.vscode/extensions/extensions.json.vsctmp'
    at r.create (/snap/code/151/usr/share/code/resources/app/out/vs/code/node/sharedProcess/sharedProcessMain.js:51:30119)
    at a (/snap/code/151/usr/share/code/resources/app/out/vs/code/node/sharedProcess/sharedProcessMain.js:51:30234)
    at i.fb (/snap/code/151/usr/share/code/resources/app/out/vs/code/node/sharedProcess/sharedProcessMain.js:56:36631)
    at i.stat (/snap/code/151/usr/share/code/resources/app/out/vs/code/node/sharedProcess/sharedProcessMain.js:56:29077)
    at async v.stat (/snap/code/151/usr/share/code/resources/app/out/vs/code/node/sharedProcess/sharedProcessMain.js:56:16223)
    at async Y.tb (/snap/code/151/usr/share/code/resources/app/out/vs/code/node/sharedProcess/sharedProcessMain.js:102:108626)
2024-02-13 10:37:17.250 [info] Getting Manifest... xaver.clang-format
2024-02-13 10:37:17.252 [info] Installing extension: xaver.clang-format
2024-02-13 10:37:17.271 [warning] [cmake-tools]: Couldn't find message for key cmake-tools.configuration.cmake.options.advanced.statusBarVisibility.variant.description.
2024-02-13 10:37:17.293 [warning] [cmake-tools]: Couldn't find message for key cmake-tools.configuration.cmake.options.advanced.statusBarVisibility.variant.description.
2024-02-13 10:37:17.317 [warning] [cmake-tools]: Couldn't find message for key cmake-tools.configuration.cmake.options.advanced.statusBarVisibility.variant.description.
2024-02-13 10:37:18.723 [info] Extension signature is verified: xaver.clang-format
2024-02-13 10:37:18.733 [info] Extracted extension to file:///home/aakapatel/.vscode/extensions/xaver.clang-format-1.9.0: xaver.clang-format
2024-02-13 10:37:18.743 [info] Renamed to /home/aakapatel/.vscode/extensions/xaver.clang-format-1.9.0
2024-02-13 10:37:18.745 [info] Extracting extension completed. xaver.clang-format
2024-02-13 10:37:18.752 [info] Extension installed successfully: xaver.clang-format
2024-02-13 10:37:18.826 [error] [uncaught exception in sharedProcess]: Error: ENOENT: no such file or directory, stat '/home/aakapatel/.vscode/extensions/extensions.json.vsctmp': EntryNotFound (FileSystemError): Error: ENOENT: no such file or directory, stat '/home/aakapatel/.vscode/extensions/extensions.json.vsctmp'
    at r.create (/snap/code/151/usr/share/code/resources/app/out/vs/code/node/sharedProcess/sharedProcessMain.js:51:30119)
    at a (/snap/code/151/usr/share/code/resources/app/out/vs/code/node/sharedProcess/sharedProcessMain.js:51:30234)
    at i.fb (/snap/code/151/usr/share/code/resources/app/out/vs/code/node/sharedProcess/sharedProcessMain.js:56:36631)
    at i.stat (/snap/code/151/usr/share/code/resources/app/out/vs/code/node/sharedProcess/sharedProcessMain.js:56:29077)
    at async v.stat (/snap/code/151/usr/share/code/resources/app/out/vs/code/node/sharedProcess/sharedProcessMain.js:56:16223)
    at async Y.tb (/snap/code/151/usr/share/code/resources/app/out/vs/code/node/sharedProcess/sharedProcessMain.js:102:108626)
2024-02-13 10:37:31.387 [info] Extension signature is verified: ms-vscode.cpptools
2024-02-13 10:37:33.792 [info] Extracted extension to file:///home/aakapatel/.vscode/extensions/ms-vscode.cpptools-1.18.5-linux-x64: ms-vscode.cpptools
2024-02-13 10:37:33.806 [info] Renamed to /home/aakapatel/.vscode/extensions/ms-vscode.cpptools-1.18.5-linux-x64
2024-02-13 10:37:33.815 [info] Extracting extension completed. ms-vscode.cpptools
2024-02-13 10:37:33.871 [warning] [cmake-tools]: Couldn't find message for key cmake-tools.configuration.cmake.options.advanced.statusBarVisibility.variant.description.
2024-02-13 10:37:33.898 [error] [uncaught exception in sharedProcess]: Error: ENOENT: no such file or directory, stat '/home/aakapatel/.vscode/extensions/extensions.json.vsctmp': EntryNotFound (FileSystemError): Error: ENOENT: no such file or directory, stat '/home/aakapatel/.vscode/extensions/extensions.json.vsctmp'
    at r.create (/snap/code/151/usr/share/code/resources/app/out/vs/code/node/sharedProcess/sharedProcessMain.js:51:30119)
    at a (/snap/code/151/usr/share/code/resources/app/out/vs/code/node/sharedProcess/sharedProcessMain.js:51:30234)
    at i.fb (/snap/code/151/usr/share/code/resources/app/out/vs/code/node/sharedProcess/sharedProcessMain.js:56:36631)
    at i.stat (/snap/code/151/usr/share/code/resources/app/out/vs/code/node/sharedProcess/sharedProcessMain.js:56:29077)
    at async v.stat (/snap/code/151/usr/share/code/resources/app/out/vs/code/node/sharedProcess/sharedProcessMain.js:56:16223)
    at async Y.tb (/snap/code/151/usr/share/code/resources/app/out/vs/code/node/sharedProcess/sharedProcessMain.js:102:108626)
2024-02-13 10:37:34.819 [info] Extension signature is verified: ms-vscode.cpptools-extension-pack
2024-02-13 10:37:34.824 [info] Extracted extension to file:///home/aakapatel/.vscode/extensions/ms-vscode.cpptools-extension-pack-1.3.0: ms-vscode.cpptools-extension-pack
2024-02-13 10:37:34.834 [info] Renamed to /home/aakapatel/.vscode/extensions/ms-vscode.cpptools-extension-pack-1.3.0
2024-02-13 10:37:34.835 [info] Extracting extension completed. ms-vscode.cpptools-extension-pack
2024-02-13 10:37:34.846 [info] Extension installed successfully: ms-vscode.cpptools-themes
2024-02-13 10:37:34.846 [info] Extension installed successfully: ms-vscode.cmake-tools
2024-02-13 10:37:34.846 [info] Extension installed successfully: twxs.cmake
2024-02-13 10:37:34.846 [info] Extension installed successfully: ms-vscode.cpptools
2024-02-13 10:37:34.846 [info] Extension installed successfully: ms-vscode.cpptools-extension-pack
2024-02-13 10:37:34.916 [error] [uncaught exception in sharedProcess]: Error: ENOENT: no such file or directory, stat '/home/aakapatel/.vscode/extensions/extensions.json.vsctmp': EntryNotFound (FileSystemError): Error: ENOENT: no such file or directory, stat '/home/aakapatel/.vscode/extensions/extensions.json.vsctmp'
    at r.create (/snap/code/151/usr/share/code/resources/app/out/vs/code/node/sharedProcess/sharedProcessMain.js:51:30119)
    at a (/snap/code/151/usr/share/code/resources/app/out/vs/code/node/sharedProcess/sharedProcessMain.js:51:30234)
    at i.fb (/snap/code/151/usr/share/code/resources/app/out/vs/code/node/sharedProcess/sharedProcessMain.js:56:36631)
    at i.stat (/snap/code/151/usr/share/code/resources/app/out/vs/code/node/sharedProcess/sharedProcessMain.js:56:29077)
    at async v.stat (/snap/code/151/usr/share/code/resources/app/out/vs/code/node/sharedProcess/sharedProcessMain.js:56:16223)
    at async Y.tb (/snap/code/151/usr/share/code/resources/app/out/vs/code/node/sharedProcess/sharedProcessMain.js:102:108626)
2024-02-13 10:37:43.539 [info] Getting Manifest... ms-vscode.cpptools
2024-02-13 10:37:43.569 [info] Installing extension: ms-vscode.cpptools
2024-02-13 10:37:43.597 [warning] [cmake-tools]: Couldn't find message for key cmake-tools.configuration.cmake.options.advanced.statusBarVisibility.variant.description.
2024-02-13 10:37:43.627 [warning] [cmake-tools]: Couldn't find message for key cmake-tools.configuration.cmake.options.advanced.statusBarVisibility.variant.description.
2024-02-13 10:37:43.653 [warning] [cmake-tools]: Couldn't find message for key cmake-tools.configuration.cmake.options.advanced.statusBarVisibility.variant.description.
2024-02-13 10:38:19.124 [info] Extension signature is verified: ms-vscode.cpptools
2024-02-13 10:38:22.920 [info] Extracted extension to file:///home/aakapatel/.vscode/extensions/ms-vscode.cpptools-1.19.2-linux-x64: ms-vscode.cpptools
2024-02-13 10:38:22.938 [info] Renamed to /home/aakapatel/.vscode/extensions/ms-vscode.cpptools-1.19.2-linux-x64
2024-02-13 10:38:22.949 [info] Extracting extension completed. ms-vscode.cpptools
2024-02-13 10:38:22.964 [info] Extension installed successfully: ms-vscode.cpptools
2024-02-13 10:38:22.979 [info] Marked extension as uninstalled ms-vscode.cpptools-1.18.5-linux-x64
2024-02-13 10:38:23.040 [error] [uncaught exception in sharedProcess]: Error: ENOENT: no such file or directory, stat '/home/aakapatel/.vscode/extensions/extensions.json.vsctmp': EntryNotFound (FileSystemError): Error: ENOENT: no such file or directory, stat '/home/aakapatel/.vscode/extensions/extensions.json.vsctmp'
    at r.create (/snap/code/151/usr/share/code/resources/app/out/vs/code/node/sharedProcess/sharedProcessMain.js:51:30119)
    at a (/snap/code/151/usr/share/code/resources/app/out/vs/code/node/sharedProcess/sharedProcessMain.js:51:30234)
    at i.fb (/snap/code/151/usr/share/code/resources/app/out/vs/code/node/sharedProcess/sharedProcessMain.js:56:36631)
    at i.stat (/snap/code/151/usr/share/code/resources/app/out/vs/code/node/sharedProcess/sharedProcessMain.js:56:29077)
    at async v.stat (/snap/code/151/usr/share/code/resources/app/out/vs/code/node/sharedProcess/sharedProcessMain.js:56:16223)
    at async Y.tb (/snap/code/151/usr/share/code/resources/app/out/vs/code/node/sharedProcess/sharedProcessMain.js:102:108626)
2024-02-13 10:39:26.024 [info] Getting Manifest... ms-iot.vscode-ros
2024-02-13 10:39:26.029 [info] Installing extension: ms-iot.vscode-ros
2024-02-13 10:39:26.058 [warning] [cmake-tools]: Couldn't find message for key cmake-tools.configuration.cmake.options.advanced.statusBarVisibility.variant.description.
2024-02-13 10:39:27.114 [info] Getting Manifest... ms-python.python
2024-02-13 10:39:27.887 [info] Getting Manifest... ms-python.vscode-pylance
2024-02-13 10:39:27.909 [info] Getting Manifest... ms-python.debugpy
2024-02-13 10:39:27.933 [info] Getting Manifest... ms-vscode.cpptools
2024-02-13 10:39:27.955 [warning] [cmake-tools]: Couldn't find message for key cmake-tools.configuration.cmake.options.advanced.statusBarVisibility.variant.description.
2024-02-13 10:39:27.963 [info] Installing extension: ms-python.python ms-iot.vscode-ros
2024-02-13 10:39:27.963 [info] Installing extension: ms-python.vscode-pylance ms-iot.vscode-ros
2024-02-13 10:39:27.963 [info] Installing extension: ms-python.debugpy ms-iot.vscode-ros
2024-02-13 10:39:27.994 [warning] [cmake-tools]: Couldn't find message for key cmake-tools.configuration.cmake.options.advanced.statusBarVisibility.variant.description.
2024-02-13 10:39:27.996 [warning] [cmake-tools]: Couldn't find message for key cmake-tools.configuration.cmake.options.advanced.statusBarVisibility.variant.description.
2024-02-13 10:39:31.261 [info] Extension signature is verified: ms-python.debugpy
2024-02-13 10:39:31.420 [info] Extracted extension to file:///home/aakapatel/.vscode/extensions/ms-python.debugpy-2024.0.0-linux-x64: ms-python.debugpy
2024-02-13 10:39:31.430 [info] Renamed to /home/aakapatel/.vscode/extensions/ms-python.debugpy-2024.0.0-linux-x64
2024-02-13 10:39:31.431 [info] Extracting extension completed. ms-python.debugpy
2024-02-13 10:39:31.439 [error] [uncaught exception in sharedProcess]: Error: ENOENT: no such file or directory, stat '/home/aakapatel/.vscode/extensions/extensions.json.vsctmp': EntryNotFound (FileSystemError): Error: ENOENT: no such file or directory, stat '/home/aakapatel/.vscode/extensions/extensions.json.vsctmp'
    at r.create (/snap/code/151/usr/share/code/resources/app/out/vs/code/node/sharedProcess/sharedProcessMain.js:51:30119)
    at a (/snap/code/151/usr/share/code/resources/app/out/vs/code/node/sharedProcess/sharedProcessMain.js:51:30234)
    at i.fb (/snap/code/151/usr/share/code/resources/app/out/vs/code/node/sharedProcess/sharedProcessMain.js:56:36631)
    at i.stat (/snap/code/151/usr/share/code/resources/app/out/vs/code/node/sharedProcess/sharedProcessMain.js:56:29077)
    at async v.stat (/snap/code/151/usr/share/code/resources/app/out/vs/code/node/sharedProcess/sharedProcessMain.js:56:16223)
    at async Y.tb (/snap/code/151/usr/share/code/resources/app/out/vs/code/node/sharedProcess/sharedProcessMain.js:102:108626)
2024-02-13 10:39:34.458 [info] Extension signature is verified: ms-python.python
2024-02-13 10:39:35.691 [info] Extracted extension to file:///home/aakapatel/.vscode/extensions/ms-python.python-2024.0.1: ms-python.python
2024-02-13 10:39:35.704 [info] Renamed to /home/aakapatel/.vscode/extensions/ms-python.python-2024.0.1
2024-02-13 10:39:35.708 [info] Extracting extension completed. ms-python.python
2024-02-13 10:39:35.755 [warning] [cmake-tools]: Couldn't find message for key cmake-tools.configuration.cmake.options.advanced.statusBarVisibility.variant.description.
2024-02-13 10:39:35.792 [error] [uncaught exception in sharedProcess]: Error: ENOENT: no such file or directory, stat '/home/aakapatel/.vscode/extensions/extensions.json.vsctmp': EntryNotFound (FileSystemError): Error: ENOENT: no such file or directory, stat '/home/aakapatel/.vscode/extensions/extensions.json.vsctmp'
    at r.create (/snap/code/151/usr/share/code/resources/app/out/vs/code/node/sharedProcess/sharedProcessMain.js:51:30119)
    at a (/snap/code/151/usr/share/code/resources/app/out/vs/code/node/sharedProcess/sharedProcessMain.js:51:30234)
    at i.fb (/snap/code/151/usr/share/code/resources/app/out/vs/code/node/sharedProcess/sharedProcessMain.js:56:36631)
    at i.stat (/snap/code/151/usr/share/code/resources/app/out/vs/code/node/sharedProcess/sharedProcessMain.js:56:29077)
    at async v.stat (/snap/code/151/usr/share/code/resources/app/out/vs/code/node/sharedProcess/sharedProcessMain.js:56:16223)
    at async Y.tb (/snap/code/151/usr/share/code/resources/app/out/vs/code/node/sharedProcess/sharedProcessMain.js:102:108626)
2024-02-13 10:39:42.336 [info] Extension signature is verified: ms-python.vscode-pylance
2024-02-13 10:39:45.362 [info] Extracted extension to file:///home/aakapatel/.vscode/extensions/ms-python.vscode-pylance-2024.2.1: ms-python.vscode-pylance
2024-02-13 10:39:45.376 [info] Renamed to /home/aakapatel/.vscode/extensions/ms-python.vscode-pylance-2024.2.1
2024-02-13 10:39:45.380 [info] Extracting extension completed. ms-python.vscode-pylance
2024-02-13 10:39:45.457 [warning] [cmake-tools]: Couldn't find message for key cmake-tools.configuration.cmake.options.advanced.statusBarVisibility.variant.description.
2024-02-13 10:39:45.467 [error] [uncaught exception in sharedProcess]: Error: ENOENT: no such file or directory, stat '/home/aakapatel/.vscode/extensions/extensions.json.vsctmp': EntryNotFound (FileSystemError): Error: ENOENT: no such file or directory, stat '/home/aakapatel/.vscode/extensions/extensions.json.vsctmp'
    at r.create (/snap/code/151/usr/share/code/resources/app/out/vs/code/node/sharedProcess/sharedProcessMain.js:51:30119)
    at a (/snap/code/151/usr/share/code/resources/app/out/vs/code/node/sharedProcess/sharedProcessMain.js:51:30234)
    at i.fb (/snap/code/151/usr/share/code/resources/app/out/vs/code/node/sharedProcess/sharedProcessMain.js:56:36631)
    at i.stat (/snap/code/151/usr/share/code/resources/app/out/vs/code/node/sharedProcess/sharedProcessMain.js:56:29077)
    at async v.stat (/snap/code/151/usr/share/code/resources/app/out/vs/code/node/sharedProcess/sharedProcessMain.js:56:16223)
    at async Y.tb (/snap/code/151/usr/share/code/resources/app/out/vs/code/node/sharedProcess/sharedProcessMain.js:102:108626)
2024-02-13 10:39:50.403 [info] Extension signature is verified: ms-iot.vscode-ros
2024-02-13 10:39:50.533 [info] Extracted extension to file:///home/aakapatel/.vscode/extensions/ms-iot.vscode-ros-0.9.2: ms-iot.vscode-ros
2024-02-13 10:39:50.543 [info] Renamed to /home/aakapatel/.vscode/extensions/ms-iot.vscode-ros-0.9.2
2024-02-13 10:39:50.545 [info] Extracting extension completed. ms-iot.vscode-ros
2024-02-13 10:39:50.554 [info] Extension installed successfully: ms-python.debugpy
2024-02-13 10:39:50.554 [info] Extension installed successfully: ms-python.python
2024-02-13 10:39:50.554 [info] Extension installed successfully: ms-python.vscode-pylance
2024-02-13 10:39:50.554 [info] Extension installed successfully: ms-iot.vscode-ros
2024-02-13 10:39:50.583 [error] [uncaught exception in sharedProcess]: Error: ENOENT: no such file or directory, stat '/home/aakapatel/.vscode/extensions/extensions.json.vsctmp': EntryNotFound (FileSystemError): Error: ENOENT: no such file or directory, stat '/home/aakapatel/.vscode/extensions/extensions.json.vsctmp'
    at r.create (/snap/code/151/usr/share/code/resources/app/out/vs/code/node/sharedProcess/sharedProcessMain.js:51:30119)
    at a (/snap/code/151/usr/share/code/resources/app/out/vs/code/node/sharedProcess/sharedProcessMain.js:51:30234)
    at i.fb (/snap/code/151/usr/share/code/resources/app/out/vs/code/node/sharedProcess/sharedProcessMain.js:56:36631)
    at i.stat (/snap/code/151/usr/share/code/resources/app/out/vs/code/node/sharedProcess/sharedProcessMain.js:56:29077)
    at async v.stat (/snap/code/151/usr/share/code/resources/app/out/vs/code/node/sharedProcess/sharedProcessMain.js:56:16223)
    at async Y.tb (/snap/code/151/usr/share/code/resources/app/out/vs/code/node/sharedProcess/sharedProcessMain.js:102:108626)
2024-02-13 10:41:54.821 [warning] [cmake-tools]: Couldn't find message for key cmake-tools.configuration.cmake.options.advanced.statusBarVisibility.variant.description.
