2024-02-13 10:36:52.320 [info] Started local extension host with pid 73544.
2024-02-13 10:36:55.266 [info] [perf] Render performance baseline is 14ms
2024-02-13 10:36:59.293 [error] Cancelled: Canceled
    at re.B (vscode-file://vscode-app/snap/code/151/usr/share/code/resources/app/out/vs/workbench/workbench.desktop.main.js:782:32466)
    at async re.z (vscode-file://vscode-app/snap/code/151/usr/share/code/resources/app/out/vs/workbench/workbench.desktop.main.js:782:29361)
    at async re.z (vscode-file://vscode-app/snap/code/151/usr/share/code/resources/app/out/vs/workbench/workbench.desktop.main.js:782:30301)
    at async ne (vscode-file://vscode-app/snap/code/151/usr/share/code/resources/app/out/vs/workbench/workbench.desktop.main.js:782:28369)
    at async re.query (vscode-file://vscode-app/snap/code/151/usr/share/code/resources/app/out/vs/workbench/workbench.desktop.main.js:782:28590)
    at async oe.queryGallery (vscode-file://vscode-app/snap/code/151/usr/share/code/resources/app/out/vs/workbench/workbench.desktop.main.js:2741:11958)
    at async te.Ac (vscode-file://vscode-app/snap/code/151/usr/share/code/resources/app/out/vs/workbench/workbench.desktop.main.js:2677:22427)
    at async te.lc (vscode-file://vscode-app/snap/code/151/usr/share/code/resources/app/out/vs/workbench/workbench.desktop.main.js:2677:14478)
    at async vscode-file://vscode-app/snap/code/151/usr/share/code/resources/app/out/vs/workbench/workbench.desktop.main.js:2677:12777
2024-02-13 10:36:59.293 [error] Cancelled: Canceled
    at re.B (vscode-file://vscode-app/snap/code/151/usr/share/code/resources/app/out/vs/workbench/workbench.desktop.main.js:782:32466)
    at async re.z (vscode-file://vscode-app/snap/code/151/usr/share/code/resources/app/out/vs/workbench/workbench.desktop.main.js:782:29361)
    at async re.z (vscode-file://vscode-app/snap/code/151/usr/share/code/resources/app/out/vs/workbench/workbench.desktop.main.js:782:30301)
    at async re.getExtensions (vscode-file://vscode-app/snap/code/151/usr/share/code/resources/app/out/vs/workbench/workbench.desktop.main.js:782:26345)
    at async oe.getExtensions (vscode-file://vscode-app/snap/code/151/usr/share/code/resources/app/out/vs/workbench/workbench.desktop.main.js:2741:12374)
    at async ge.Ec (vscode-file://vscode-app/snap/code/151/usr/share/code/resources/app/out/vs/workbench/workbench.desktop.main.js:2677:24452)
    at async ge.Nc (vscode-file://vscode-app/snap/code/151/usr/share/code/resources/app/out/vs/workbench/workbench.desktop.main.js:2677:27116)
    at async ge.lc (vscode-file://vscode-app/snap/code/151/usr/share/code/resources/app/out/vs/workbench/workbench.desktop.main.js:2677:14478)
    at async vscode-file://vscode-app/snap/code/151/usr/share/code/resources/app/out/vs/workbench/workbench.desktop.main.js:2677:12777
2024-02-13 10:37:06.193 [error] Cancelled: Canceled
    at re.B (vscode-file://vscode-app/snap/code/151/usr/share/code/resources/app/out/vs/workbench/workbench.desktop.main.js:782:32466)
    at async re.z (vscode-file://vscode-app/snap/code/151/usr/share/code/resources/app/out/vs/workbench/workbench.desktop.main.js:782:29361)
    at async ne (vscode-file://vscode-app/snap/code/151/usr/share/code/resources/app/out/vs/workbench/workbench.desktop.main.js:782:28369)
    at async re.query (vscode-file://vscode-app/snap/code/151/usr/share/code/resources/app/out/vs/workbench/workbench.desktop.main.js:782:28590)
    at async oe.queryGallery (vscode-file://vscode-app/snap/code/151/usr/share/code/resources/app/out/vs/workbench/workbench.desktop.main.js:2741:11958)
    at async de.Ac (vscode-file://vscode-app/snap/code/151/usr/share/code/resources/app/out/vs/workbench/workbench.desktop.main.js:2677:22427)
    at async de.lc (vscode-file://vscode-app/snap/code/151/usr/share/code/resources/app/out/vs/workbench/workbench.desktop.main.js:2677:14478)
    at async vscode-file://vscode-app/snap/code/151/usr/share/code/resources/app/out/vs/workbench/workbench.desktop.main.js:2677:12777
2024-02-13 10:37:32.977 [error] [Extension Host] Error: Unexpected SIGPIPE
	at process.<anonymous> (/snap/code/151/usr/share/code/resources/app/out/bootstrap.js:1:471)
	at process.emit (node:events:514:28)
2024-02-13 10:37:34.869 [warning] [cmake-tools]: Couldn't find message for key cmake-tools.configuration.cmake.options.advanced.statusBarVisibility.variant.description.
2024-02-13 10:37:34.887 [warning] [twxs.cmake]: Cannot register 'cmake.cmakePath'. This property is already registered.
2024-02-13 10:38:26.483 [error] Cancelled: Canceled
    at re.B (vscode-file://vscode-app/snap/code/151/usr/share/code/resources/app/out/vs/workbench/workbench.desktop.main.js:782:32466)
    at async re.z (vscode-file://vscode-app/snap/code/151/usr/share/code/resources/app/out/vs/workbench/workbench.desktop.main.js:782:29361)
    at async ne (vscode-file://vscode-app/snap/code/151/usr/share/code/resources/app/out/vs/workbench/workbench.desktop.main.js:782:28369)
    at async re.query (vscode-file://vscode-app/snap/code/151/usr/share/code/resources/app/out/vs/workbench/workbench.desktop.main.js:782:28590)
    at async oe.queryGallery (vscode-file://vscode-app/snap/code/151/usr/share/code/resources/app/out/vs/workbench/workbench.desktop.main.js:2741:11958)
    at async de.Ac (vscode-file://vscode-app/snap/code/151/usr/share/code/resources/app/out/vs/workbench/workbench.desktop.main.js:2677:22427)
    at async de.lc (vscode-file://vscode-app/snap/code/151/usr/share/code/resources/app/out/vs/workbench/workbench.desktop.main.js:2677:14478)
    at async vscode-file://vscode-app/snap/code/151/usr/share/code/resources/app/out/vs/workbench/workbench.desktop.main.js:2677:12777
